<?xml version="1.0" encoding="UTF-8"?>
<!-- Generated by org.testng.reporters.JUnitReportReporter -->
<testsuite skipped="0" hostname="pavel-PC" name="com.italam.tests.Tests_API_REST" tests="8" failures="0" timestamp="24 אוק 2018 19:19:23 GMT" time="28.676" errors="0">
  <testcase name="apiTest_UpdateEmail" time="2.659" classname="com.italam.tests.Tests_API_REST"/>
  <testcase name="apiTest_UpdateOrgAdmin" time="3.681" classname="com.italam.tests.Tests_API_REST"/>
  <testcase name="apiTest_CreateOrganizationGetPassword" time="2.631" classname="com.italam.tests.Tests_API_REST"/>
  <testcase name="apiTestUpdateorganizationLicensing" time="5.249" classname="com.italam.tests.Tests_API_REST"/>
  <testcase name="apiTest_AllCases" time="4.840" classname="com.italam.tests.Tests_API_REST"/>
  <testcase name="apiTest_getInitialDatan" time="3.283" classname="com.italam.tests.Tests_API_REST"/>
  <testcase name="apiTest_getOrgAdmin" time="2.958" classname="com.italam.tests.Tests_API_REST"/>
  <testcase name="apiTest_getOrganizationProfile" time="3.375" classname="com.italam.tests.Tests_API_REST"/>
</testsuite> <!-- com.italam.tests.Tests_API_REST -->
