<?xml version="1.0" encoding="UTF-8"?>
<!-- Generated by org.testng.reporters.JUnitReportReporter -->
<testsuite skipped="0" hostname="pavel-PC" name="com.italam.tests.Tests_API_REST" tests="8" failures="0" timestamp="24 אוק 2018 19:31:16 GMT" time="29.768" errors="0">
  <testcase name="apiTest_getOrganizationProfile" time="2.647" classname="com.italam.tests.Tests_API_REST"/>
  <testcase name="apiTest_AllCases" time="4.631" classname="com.italam.tests.Tests_API_REST"/>
  <testcase name="apiTestUpdateorganizationLicensing" time="7.976" classname="com.italam.tests.Tests_API_REST"/>
  <testcase name="apiTest_UpdateOrgAdmin" time="3.069" classname="com.italam.tests.Tests_API_REST"/>
  <testcase name="apiTest_UpdateEmail" time="2.973" classname="com.italam.tests.Tests_API_REST"/>
  <testcase name="apiTest_getInitialDatan" time="3.223" classname="com.italam.tests.Tests_API_REST"/>
  <testcase name="apiTest_CreateOrganizationGetPassword" time="2.431" classname="com.italam.tests.Tests_API_REST"/>
  <testcase name="apiTest_getOrgAdmin" time="2.818" classname="com.italam.tests.Tests_API_REST"/>
</testsuite> <!-- com.italam.tests.Tests_API_REST -->
